<?xml version="1.0" encoding="UTF-8"?>
<!-- Generated by org.testng.reporters.JUnitReportReporter -->
<testsuite hostname="DESKTOP-7LKO3LT" failures="0" tests="6" name="Globallogistic.CareerPage" time="5.822" errors="0" timestamp="2024-11-25T08:41:18 IST" skipped="0">
  <testcase classname="Globallogistic.CareerPage" name="TopNavCareers1" time="2.804"/>
  <testcase classname="Globallogistic.CareerPage" name="CareersHeading" time="0.060"/>
  <testcase classname="Globallogistic.CareerPage" name="CareersIamge" time="0.054"/>
  <testcase classname="Globallogistic.CareerPage" name="CareersContain" time="0.094"/>
  <testcase classname="Globallogistic.CareerPage" name="FormHeading" time="0.047"/>
  <testcase classname="Globallogistic.CareerPage" name="FormFillup" time="2.763"/>
</testsuite> <!-- Globallogistic.CareerPage -->
