<?xml version="1.0" encoding="UTF-8"?>
<!-- Generated by org.testng.reporters.JUnitReportReporter -->
<testsuite hostname="DESKTOP-7LKO3LT" failures="0" tests="6" name="Globallogistic.AboutUsPage" time="4.394" errors="0" timestamp="2024-11-24T20:19:48 IST" skipped="0">
  <testcase classname="Globallogistic.AboutUsPage" name="TopNavAboutUs" time="2.722"/>
  <testcase classname="Globallogistic.AboutUsPage" name="TopNavAboutUsBanner" time="0.044"/>
  <testcase classname="Globallogistic.AboutUsPage" name="MeetOurTeamHeading" time="0.039"/>
  <testcase classname="Globallogistic.AboutUsPage" name="CeoInformation" time="0.118"/>
  <testcase classname="Globallogistic.AboutUsPage" name="ManagerInformation" time="0.100"/>
  <testcase classname="Globallogistic.AboutUsPage" name="HRInformation" time="1.371"/>
</testsuite> <!-- Globallogistic.AboutUsPage -->
